
Showing logs for build [32mcb-kubecd-environment-pr-5450-1-1[0m stage [32mmeta-pipeline[0m and container [32mstep-credential-initializer-pdlxx[0m
{"level":"warn","ts":1568287730.1730914,"logger":"fallback-logger","caller":"logging/config.go:69","msg":"Fetch GitHub commit ID from kodata failed: \"ref: refs/heads/master\" is not a valid GitHub commit ID"}
{"level":"info","ts":1568287730.1741216,"logger":"fallback-logger","caller":"creds-init/main.go:40","msg":"Credentials initialized."}

Showing logs for build [32mcb-kubecd-environment-pr-5450-1-1[0m stage [32mmeta-pipeline[0m and container [32mstep-working-dir-initializer-jgsvn[0m
{"level":"warn","ts":1568287731.125722,"logger":"fallback-logger","caller":"logging/config.go:69","msg":"Fetch GitHub commit ID from kodata failed: open /var/run/ko/HEAD: no such file or directory"}
{"level":"info","ts":1568287731.1270373,"logger":"fallback-logger","caller":"bash/main.go:65","msg":"Successfully executed command \"mkdir -p /workspace/source\""}

Showing logs for build [32mcb-kubecd-environment-pr-5450-1-1[0m stage [32mmeta-pipeline[0m and container [32mstep-place-tools[0m

Showing logs for build [32mcb-kubecd-environment-pr-5450-1-1[0m stage [32mmeta-pipeline[0m and container [32mstep-git-source-meta-cb-kubecd-environment-pr-5-9q9v9[0m
{"level":"warn","ts":1568287736.2596292,"logger":"fallback-logger","caller":"logging/config.go:69","msg":"Fetch GitHub commit ID from kodata failed: \"ref: refs/heads/master\" is not a valid GitHub commit ID"}
{"level":"info","ts":1568287737.3259032,"logger":"fallback-logger","caller":"git/git.go:102","msg":"Successfully cloned https://github.com/cb-kubecd/environment-pr-5450-11-tekton-gkebdd-staging.git @ 98672353eb45e0ef35ec473cad374099faccb9a3 in path /workspace/source"}

Showing logs for build [32mcb-kubecd-environment-pr-5450-1-1[0m stage [32mmeta-pipeline[0m and container [32mstep-git-merge[0m
Using SHAs from PULL_REFS=master:98672353eb45e0ef35ec473cad374099faccb9a3,1:a8c3657a8c6dd8543d591c58b965a4651d0419d7
DEBUG: ran git fetch --unshallow origin a8c3657a8c6dd8543d591c58b965a4651d0419d7: 98672353eb45e0ef35ec473cad374099faccb9a3: in 
DEBUG: ran git checkout master in 
DEBUG: ran git reset --hard 98672353eb45e0ef35ec473cad374099faccb9a3 in 
DEBUG: ran clean --force -d . in 
DEBUG: ran git merge a8c3657a8c6dd8543d591c58b965a4651d0419d7 in 
Merged SHA a8c3657a8c6dd8543d591c58b965a4651d0419d7 with commit message 'chore: Promote bdd-spring-1568287501 to version 0.0.1' into base branch master

Showing logs for build [32mcb-kubecd-environment-pr-5450-1-1[0m stage [32mmeta-pipeline[0m and container [32mstep-merge-pull-refs[0m
DEBUG: ran git fetch origin a8c3657a8c6dd8543d591c58b965a4651d0419d7: 98672353eb45e0ef35ec473cad374099faccb9a3: in 
DEBUG: Unshallowed git repo in 
DEBUG: ran git checkout master in 
DEBUG: ran git reset --hard 98672353eb45e0ef35ec473cad374099faccb9a3 in 
DEBUG: ran clean --force -d . in 
DEBUG: ran git merge a8c3657a8c6dd8543d591c58b965a4651d0419d7 in 
Merged SHA a8c3657a8c6dd8543d591c58b965a4651d0419d7 with commit message 'chore: Promote bdd-spring-1568287501 to version 0.0.1' into base branch master

Showing logs for build [32mcb-kubecd-environment-pr-5450-1-1[0m stage [32mmeta-pipeline[0m and container [32mstep-create-effective-pipeline[0m
Deleting and cloning the Jenkins X versions repo
Cloning the Jenkins X versions repo https://github.com/jenkins-x/jenkins-x-versions.git with ref refs/heads/master to /builder/home/.**/jenkins-x-versions
selected pack: /builder/home/.**/draft/packs/github.com/jenkins-x-buildpacks/jenkins-x-kubernetes/packs/environment
Effective pipeline written to jenkins-x-promotion-build-effective.yml

Showing logs for build [32mcb-kubecd-environment-pr-5450-1-1[0m stage [32mmeta-pipeline[0m and container [32mstep-create-tekton-crds[0m
PipelineActivity for cb-kubecd-environment-pr-5450-11-tekton-gkebdd-staging-PR-1-1
Applying changes 
upserted PipelineResource cb-kubecd-environment-pr-5450-1 for the git repository https://github.com/cb-kubecd/environment-pr-5450-11-tekton-gkebdd-staging.git
upserted Task cb-kubecd-environment-pr-5450-1-from-build-pack-1
upserted Pipeline cb-kubecd-environment-pr-5450-1-1
created PipelineRun cb-kubecd-environment-pr-5450-1-1
created PipelineStructure cb-kubecd-environment-pr-5450-1-1

Showing logs for build [32mcb-kubecd-environment-pr-5450-1-1[0m stage [32mfrom-build-pack[0m and container [32mstep-credential-initializer-nrwjg[0m
{"level":"warn","ts":1568287750.4830267,"logger":"fallback-logger","caller":"logging/config.go:69","msg":"Fetch GitHub commit ID from kodata failed: \"ref: refs/heads/master\" is not a valid GitHub commit ID"}
{"level":"info","ts":1568287750.4839668,"logger":"fallback-logger","caller":"creds-init/main.go:40","msg":"Credentials initialized."}

Showing logs for build [32mcb-kubecd-environment-pr-5450-1-1[0m stage [32mfrom-build-pack[0m and container [32mstep-working-dir-initializer-mjhmt[0m
{"level":"warn","ts":1568287751.5144334,"logger":"fallback-logger","caller":"logging/config.go:69","msg":"Fetch GitHub commit ID from kodata failed: open /var/run/ko/HEAD: no such file or directory"}
{"level":"info","ts":1568287751.5222814,"logger":"fallback-logger","caller":"bash/main.go:65","msg":"Successfully executed command \"mkdir -p /workspace/source /workspace/source/env\""}

Showing logs for build [32mcb-kubecd-environment-pr-5450-1-1[0m stage [32mfrom-build-pack[0m and container [32mstep-place-tools[0m

Showing logs for build [32mcb-kubecd-environment-pr-5450-1-1[0m stage [32mfrom-build-pack[0m and container [32mstep-git-source-cb-kubecd-environment-pr-5450-1-d6xxx[0m
{"level":"warn","ts":1568287811.5609949,"logger":"fallback-logger","caller":"logging/config.go:69","msg":"Fetch GitHub commit ID from kodata failed: \"ref: refs/heads/master\" is not a valid GitHub commit ID"}
{"level":"info","ts":1568287812.7002876,"logger":"fallback-logger","caller":"git/git.go:102","msg":"Successfully cloned https://github.com/cb-kubecd/environment-pr-5450-11-tekton-gkebdd-staging.git @ master in path /workspace/source"}

Showing logs for build [32mcb-kubecd-environment-pr-5450-1-1[0m stage [32mfrom-build-pack[0m and container [32mstep-git-merge[0m
Using SHAs from PULL_REFS=master:98672353eb45e0ef35ec473cad374099faccb9a3,1:a8c3657a8c6dd8543d591c58b965a4651d0419d7
DEBUG: ran git fetch origin a8c3657a8c6dd8543d591c58b965a4651d0419d7: 98672353eb45e0ef35ec473cad374099faccb9a3: in 
DEBUG: Unshallowed git repo in 
DEBUG: ran git checkout master in 
DEBUG: ran git reset --hard 98672353eb45e0ef35ec473cad374099faccb9a3 in 
DEBUG: ran clean --force -d . in 
DEBUG: ran git merge a8c3657a8c6dd8543d591c58b965a4651d0419d7 in 
Merged SHA a8c3657a8c6dd8543d591c58b965a4651d0419d7 with commit message 'chore: Promote bdd-spring-1568287501 to version 0.0.1' into base branch master

Showing logs for build [32mcb-kubecd-environment-pr-5450-1-1[0m stage [32mfrom-build-pack[0m and container [32mstep-build-helm-build[0m
WARNING: No $CHART_REPOSITORY defined so using the default value of: http://jenkins-x-chartmuseum:8080
Adding missing Helm repo: storage.googleapis.com https://storage.googleapis.com/chartmuseum.jenkins-x.io
Successfully added Helm repository storage.googleapis.com.
Adding missing Helm repo: jenkins-x-chartmuseum http://jenkins-x-chartmuseum:8080
Successfully added Helm repository jenkins-x-chartmuseum.
WARNING: No $CHART_REPOSITORY defined so using the default value of: http://jenkins-x-chartmuseum:8080
Adding missing Helm repo: chartmuseum.jenkins-x.io http://chartmuseum.jenkins-x.io
Successfully added Helm repository chartmuseum.jenkins-x.io.
